23:45:46[main] INFO  mobilestore - *****testLoginUser*****
23:45:49[main] INFO  mobilestore - *****Validated Status Code for Login User *****
23:45:49[main] INFO  mobilestore - Date=Sun, 30 Apr 2023 18:15:50 GMT
Content-Type=application/json; charset=utf-8
Content-Length=214
Connection=keep-alive
CF-Ray=7c01c5bb7c6084e6-BOM
Cache-Control=no-cache
Content-Encoding=gzip
ETag=W/"d7-AgEl7rszJffo+eI1fv4/DvfLM7o"
Expires=-1
Vary=Accept-Encoding
CF-Cache-Status=DYNAMIC
access-control-allow-credentials=true
pragma=no-cache
x-powered-by=Express
x-render-origin-server=Render
Set-Cookie=__cf_bm=p.ZircHiWaCEo_rfuE6kdVKKrjlOUCwIA0ItglJ34LU-1682878550-0-AQgyBlNRX1p9NfD0cgqcyaAemUnP/kcwL4Vzius/gxWjIPgSrsrb5XwWfjIVCswisQDbgIKuWFkvI3CNsZsOiEo=; path=/; expires=Sun, 30-Apr-23 18:45:50 GMT; domain=.onrender.com; HttpOnly; Secure; SameSite=None
Server=cloudflare
alt-svc=h3=":443"; ma=86400, h3-29=":443"; ma=86400
23:45:49[main] INFO  mobilestore - {
    "access_token": "eyJhbGciOiJIUzI1NiIsInR5cCI6IkpXVCJ9.eyJlbWFpbCI6Im5pbHNvbkBlbWFpbC5jb20iLCJwYXNzd29yZCI6Im5pbHNvbiIsImlhdCI6MTY4Mjg3ODU1MCwiZXhwIjoxNjgyODgyMTUwfQ.btnPB3BdxG0OudBbXjMRHVgRuCRJGofNRnKU16CLRmc"
}
23:45:49[main] INFO  mobilestore - *****Login Token for Saved at /src/test/resources/loginToken.txt*****
23:45:49[main] INFO  mobilestore - *****testRegisterUser*****
23:45:50[main] INFO  mobilestore - *****User Payload Created *****
23:45:50[main] INFO  mobilestore - *****Validated Status Code for register User*****
23:45:50[main] INFO  mobilestore - Date=Sun, 30 Apr 2023 18:15:51 GMT
Content-Type=application/json; charset=utf-8
Content-Length=230
Connection=keep-alive
CF-Ray=7c01c5c1ef5c31f9-BOM
Cache-Control=no-cache
Content-Encoding=gzip
ETag=W/"e7-DKeGMGtRL1JjQjtcb92KYncavaw"
Expires=-1
Vary=Accept-Encoding
CF-Cache-Status=DYNAMIC
access-control-allow-credentials=true
pragma=no-cache
x-powered-by=Express
x-render-origin-server=Render
Set-Cookie=__cf_bm=vAU2LpGqlnyCkGGO3MJEj.f0l.AmOINkXtDRnjM_oo0-1682878551-0-AZ9IlhUrDX68eCCyAILrJdo2ghzgXgT6s8Pl0/QrQN7X9WcmMyPZO9JeS5kRKtuMN/E14tIGyCeAD98sVYAif+A=; path=/; expires=Sun, 30-Apr-23 18:45:51 GMT; domain=.onrender.com; HttpOnly; Secure; SameSite=None
Server=cloudflare
alt-svc=h3=":443"; ma=86400, h3-29=":443"; ma=86400
23:45:50[main] INFO  mobilestore - {
    "access_token": "eyJhbGciOiJIUzI1NiIsInR5cCI6IkpXVCJ9.eyJlbWFpbCI6ImJhby5ydXNzZWxAaG90bWFpbC5jb20iLCJwYXNzd29yZCI6Im4ybjVpM3c2ZGduZiIsImlhdCI6MTY4Mjg3ODU1MSwiZXhwIjoxNjgyODgyMTUxfQ.v9WfUZanSC5P3lhNqgwOFT5kpwvm3noqBlaY8iRXt30"
}
23:45:50[main] INFO  mobilestore - *****Login Token for Saved at /src/test/resources/registerToken.txt*****
23:45:51[main] INFO  mobilestore - *****testCreateProducts*****
23:46:52[main] INFO  mobilestore - *****testCreateProducts*****
23:47:54[main] INFO  mobilestore - *****testCreateProducts*****
23:48:00[main] INFO  mobilestore - *****testGetProduct*****
23:48:01[main] INFO  mobilestore - *****Validated Status Code for GetProduct*****
23:48:01[main] INFO  mobilestore - [
    {
        "id": 2,
        "name": "Redmi 11 Prime 5G",
        "cost": 13249,
        "quantity": 2000,
        "locationId": 2,
        "DealerId": 2
    }
]
23:48:01[main] INFO  mobilestore - *****testUpdateProduct*****
23:48:01[main] INFO  mobilestore - *****Validated Status Code for UpdateProduct*****
23:48:01[main] INFO  mobilestore - Date=Sun, 30 Apr 2023 18:18:02 GMT
Content-Type=application/json; charset=utf-8
Content-Length=121
Connection=keep-alive
CF-Ray=7c01c8f60f422e2f-BOM
Cache-Control=no-cache
Content-Encoding=gzip
ETag=W/"8c-2kAVIl1BXpeTeRveSOqTINWTtWs"
Expires=-1
Vary=Accept-Encoding
CF-Cache-Status=DYNAMIC
access-control-allow-credentials=true
pragma=no-cache
x-content-type-options=nosniff
x-powered-by=Express
x-render-origin-server=Render
Set-Cookie=__cf_bm=E.d_iZqIG7cjhZPdsJ71L1oGHJQpdRiRim.7YEHP7Rk-1682878682-0-AZA894W2G4tdgtItzha1JC98bCtZwi4iW7CITy+L7yl0PWJkDZhzLY5qRf/5F1xmu1P2rCdCAYCC3yT6wxWRNos=; path=/; expires=Sun, 30-Apr-23 18:48:02 GMT; domain=.onrender.com; HttpOnly; Secure; SameSite=None
Server=cloudflare
alt-svc=h3=":443"; ma=86400, h3-29=":443"; ma=86400
23:48:01[main] INFO  mobilestore - ======Response Body====
23:48:01[main] INFO  mobilestore - *****testDeleteProduct*****
23:55:46[TestNG-test=Test-2] INFO  mobilestore - *****testLoginUser*****
23:55:50[TestNG-test=Test-2] INFO  mobilestore - *****Validated Status Code for Login User *****
23:55:50[TestNG-test=Test-2] INFO  mobilestore - Date=Sun, 30 Apr 2023 18:25:51 GMT
Content-Type=application/json; charset=utf-8
Content-Length=215
Connection=keep-alive
CF-Ray=7c01d4642d01318e-BOM
Cache-Control=no-cache
Content-Encoding=gzip
ETag=W/"d7-T0KFNjYIyHhN1xPSXRpOrDMydK8"
Expires=-1
Vary=Accept-Encoding
CF-Cache-Status=DYNAMIC
access-control-allow-credentials=true
pragma=no-cache
x-powered-by=Express
x-render-origin-server=Render
Set-Cookie=__cf_bm=MZB_w.J7WEUTv3EsoSardQ58GtzpCa9G5iXrFq8kAQU-1682879151-0-ARa7hfGb6pPnzUxiL8Vh46VuM3yjVG3N3mki6RgwDsXpvjdRhAxbZZeasf14aVWiArKTDpTrplR/Ou7EBGFeFYo=; path=/; expires=Sun, 30-Apr-23 18:55:51 GMT; domain=.onrender.com; HttpOnly; Secure; SameSite=None
Server=cloudflare
alt-svc=h3=":443"; ma=86400, h3-29=":443"; ma=86400
23:55:50[TestNG-test=Test-2] INFO  mobilestore - {
    "access_token": "eyJhbGciOiJIUzI1NiIsInR5cCI6IkpXVCJ9.eyJlbWFpbCI6Im5pbHNvbkBlbWFpbC5jb20iLCJwYXNzd29yZCI6Im5pbHNvbiIsImlhdCI6MTY4Mjg3OTE1MCwiZXhwIjoxNjgyODgyNzUwfQ.CJshBPTIjFIwo2GU6AKqpcwPiXAGJdZIMSrLmxUQu-o"
}
23:55:50[TestNG-test=Test-2] INFO  mobilestore - *****Login Token for Saved at /src/test/resources/loginToken.txt*****
23:55:50[TestNG-test=Test-2] INFO  mobilestore - *****testRegisterUser*****
23:55:51[TestNG-test=Test-2] INFO  mobilestore - *****User Payload Created *****
23:55:51[TestNG-test=Test-2] INFO  mobilestore - *****Validated Status Code for register User*****
23:55:51[TestNG-test=Test-2] INFO  mobilestore - Date=Sun, 30 Apr 2023 18:25:52 GMT
Content-Type=application/json; charset=utf-8
Content-Length=237
Connection=keep-alive
CF-Ray=7c01d46ede078578-BOM
Cache-Control=no-cache
Content-Encoding=gzip
ETag=W/"ef-H/JdHnrm3TGFt2N+WS5YrX43EN0"
Expires=-1
Vary=Accept-Encoding
CF-Cache-Status=DYNAMIC
access-control-allow-credentials=true
pragma=no-cache
x-powered-by=Express
x-render-origin-server=Render
Set-Cookie=__cf_bm=q8ADeUDwYy9kJK7wrBZmjGYEr5qaejNTCmIW.eTUsNc-1682879152-0-AYnejJod0fl/D6d6eQ1CJTzq6IC4jYjUpI69okN+aIVs0PbElw0HNLis17zCc88zmRxuyVfc+Rn6fODVQgvn9Ho=; path=/; expires=Sun, 30-Apr-23 18:55:52 GMT; domain=.onrender.com; HttpOnly; Secure; SameSite=None
Server=cloudflare
alt-svc=h3=":443"; ma=86400, h3-29=":443"; ma=86400
23:55:51[TestNG-test=Test-2] INFO  mobilestore - {
    "access_token": "eyJhbGciOiJIUzI1NiIsInR5cCI6IkpXVCJ9.eyJlbWFpbCI6Im5pZXZlcy5iZWF0dHlAaG90bWFpbC5jb20iLCJwYXNzd29yZCI6ImRlY2tmYTQ0eG1tZDZuNiIsImlhdCI6MTY4Mjg3OTE1MiwiZXhwIjoxNjgyODgyNzUyfQ.PgtRbRPKL5wEkUuj4d8nMY8fUbM77Smokr4wf2gyTB8"
}
23:55:51[TestNG-test=Test-2] INFO  mobilestore - *****Login Token for Saved at /src/test/resources/registerToken.txt*****
23:55:52[TestNG-test=Test-2] INFO  mobilestore - *****testCreateProducts*****
23:56:03[TestNG-test=Test-2] INFO  mobilestore - *****testCreateProducts*****
23:56:08[TestNG-test=Test-2] INFO  mobilestore - *****Validated Status Code for create Products *****
23:56:08[TestNG-test=Test-2] INFO  mobilestore - {
    "name": "Xiaomi 12 Pro 5G",
    "locationId": "3",
    "dealerId": "3",
    "cost": "50000",
    "quantity": "150",
    "id": 6
}
23:56:08[TestNG-test=Test-2] INFO  mobilestore - *****testCreateProducts*****
23:56:14[TestNG-test=Test-2] INFO  mobilestore - *****Validated Status Code for create Products *****
23:56:14[TestNG-test=Test-2] INFO  mobilestore - {
    "name": "Xiaomi 13 Pro 5G",
    "locationId": "2",
    "dealerId": "2",
    "cost": "70000",
    "quantity": "100",
    "id": 7
}
23:56:14[TestNG-test=Test-2] INFO  mobilestore - *****testGetProduct*****
23:56:15[TestNG-test=Test-2] INFO  mobilestore - *****Validated Status Code for GetProduct*****
23:56:15[TestNG-test=Test-2] INFO  mobilestore - [
    {
        "id": 2,
        "name": "Redmi 11 Prime 5G",
        "cost": 13249,
        "quantity": 2000,
        "locationId": 2,
        "DealerId": 2
    }
]
23:56:15[TestNG-test=Test-2] INFO  mobilestore - *****testUpdateProduct*****
23:56:15[TestNG-test=Test-2] INFO  mobilestore - *****Validated Status Code for UpdateProduct*****
23:56:15[TestNG-test=Test-2] INFO  mobilestore - Date=Sun, 30 Apr 2023 18:26:16 GMT
Content-Type=application/json; charset=utf-8
Content-Length=114
Connection=keep-alive
CF-Ray=7c01d503ea8085f6-BOM
Cache-Control=no-cache
Content-Encoding=gzip
ETag=W/"7b-e+d/kBwCH3ZtlLlsIC8fKTaTMOI"
Expires=-1
Vary=Accept-Encoding
CF-Cache-Status=DYNAMIC
access-control-allow-credentials=true
pragma=no-cache
x-content-type-options=nosniff
x-powered-by=Express
x-render-origin-server=Render
Set-Cookie=__cf_bm=_xV3GMHgulPhGw3XRAWNF20roAqhcPwT917hpX0W5lY-1682879176-0-AbBi2CMZpr4FQb0WmImhpRybzhU08szxlL3lrkptNaWt6tSbVSoXiCKZG9Er6HDJCnCpywnT4094L/o/Uc1nIDw=; path=/; expires=Sun, 30-Apr-23 18:56:16 GMT; domain=.onrender.com; HttpOnly; Secure; SameSite=None
Server=cloudflare
alt-svc=h3=":443"; ma=86400, h3-29=":443"; ma=86400
23:56:15[TestNG-test=Test-2] INFO  mobilestore - ======Response Body====
23:56:15[TestNG-test=Test-2] INFO  mobilestore - *****testDeleteProduct*****
09:50:40[main] INFO  mobilestore - *****testLoginUser*****
11:19:36[TestNG-test=Test-2] INFO  mobilestore - *****testLoginUser*****
11:20:15[TestNG-test=Test-2] INFO  mobilestore - *****Validated Status Code for Login User *****
11:20:15[TestNG-test=Test-2] INFO  mobilestore - Date=Mon, 01 May 2023 05:50:17 GMT
Content-Type=application/json; charset=utf-8
Content-Length=214
Connection=keep-alive
CF-Ray=7c05be219f5d84f5-BOM
Cache-Control=no-cache
Content-Encoding=gzip
ETag=W/"d7-yQ7vVOiDvXMCVJG2ddgkPhfo9A4"
Expires=-1
Vary=Accept-Encoding
CF-Cache-Status=DYNAMIC
access-control-allow-credentials=true
pragma=no-cache
x-powered-by=Express
x-render-origin-server=Render
Set-Cookie=__cf_bm=353CwjMWKBJz1cAweuOqQlUoU.Fv1eIrQZWTBJ6qPks-1682920217-0-AcGUgyw1QskH6raSSOOubzxvfpwFVV5EN6IR02k/l75yD7PJdQfH0znjNmP8LsTOgLcaeO9a0zgj1PUW39Vzv9w=; path=/; expires=Mon, 01-May-23 06:20:17 GMT; domain=.onrender.com; HttpOnly; Secure; SameSite=None
Server=cloudflare
alt-svc=h3=":443"; ma=86400, h3-29=":443"; ma=86400
11:20:15[TestNG-test=Test-2] INFO  mobilestore - {
    "access_token": "eyJhbGciOiJIUzI1NiIsInR5cCI6IkpXVCJ9.eyJlbWFpbCI6Im5pbHNvbkBlbWFpbC5jb20iLCJwYXNzd29yZCI6Im5pbHNvbiIsImlhdCI6MTY4MjkyMDIxNywiZXhwIjoxNjgyOTIzODE3fQ.mjfqkUzh-lS7f0y6UVc_wB_00aByx3G0zFaWH4m9oTY"
}
11:20:15[TestNG-test=Test-2] INFO  mobilestore - *****Login Token for Saved at /src/test/resources/loginToken.txt*****
11:20:15[TestNG-test=Test-2] INFO  mobilestore - *****testRegisterUser*****
11:20:15[TestNG-test=Test-2] INFO  mobilestore - *****User Payload Created *****
11:20:16[TestNG-test=Test-2] INFO  mobilestore - *****Validated Status Code for register User*****
11:20:16[TestNG-test=Test-2] INFO  mobilestore - Date=Mon, 01 May 2023 05:50:18 GMT
Content-Type=application/json; charset=utf-8
Content-Length=229
Connection=keep-alive
CF-Ray=7c05bf037fac85cc-BOM
Cache-Control=no-cache
Content-Encoding=gzip
ETag=W/"e1-X4r71/CeHK3G7GavP7orwoPrtyE"
Expires=-1
Vary=Accept-Encoding
CF-Cache-Status=DYNAMIC
access-control-allow-credentials=true
pragma=no-cache
x-powered-by=Express
x-render-origin-server=Render
Set-Cookie=__cf_bm=9tVNVIJfym6yvN9Umntf3v9oWtUkd1zF1gOYNwXMG1s-1682920218-0-AYep8T7RU4ZFi29l9InJ8GLXrZ8jK8JodlkQvah/wFGY6HQbaUBjmwEF+aGp9CSLBFPg4pyattZmlCFy1j59X8Q=; path=/; expires=Mon, 01-May-23 06:20:18 GMT; domain=.onrender.com; HttpOnly; Secure; SameSite=None
Server=cloudflare
alt-svc=h3=":443"; ma=86400, h3-29=":443"; ma=86400
11:20:16[TestNG-test=Test-2] INFO  mobilestore - {
    "access_token": "eyJhbGciOiJIUzI1NiIsInR5cCI6IkpXVCJ9.eyJlbWFpbCI6ImN5cnVzLmhhbmRAZ21haWwuY29tIiwicGFzc3dvcmQiOiJidjZxeGdzNTFsIiwiaWF0IjoxNjgyOTIwMjE4LCJleHAiOjE2ODI5MjM4MTh9.zRlBIaIFw_7lgjHxULDQlQsBwhHdqAoZVSCwChUHYBU"
}
11:20:16[TestNG-test=Test-2] INFO  mobilestore - *****Login Token for Saved at /src/test/resources/registerToken.txt*****
11:20:17[TestNG-test=Test-2] INFO  mobilestore - *****testCreateProducts*****
11:20:27[TestNG-test=Test-2] INFO  mobilestore - *****testCreateProducts*****
11:20:33[TestNG-test=Test-2] INFO  mobilestore - *****Validated Status Code for create Products *****
11:20:33[TestNG-test=Test-2] INFO  mobilestore - {
    "name": "Xiaomi 12 Pro 5G",
    "quantity": "150",
    "dealerId": "3",
    "locationId": "3",
    "cost": "50000",
    "id": 9
}
11:20:33[TestNG-test=Test-2] INFO  mobilestore - *****testCreateProducts*****
11:20:39[TestNG-test=Test-2] INFO  mobilestore - *****Validated Status Code for create Products *****
11:20:39[TestNG-test=Test-2] INFO  mobilestore - {
    "name": "Xiaomi 13 Pro 5G",
    "quantity": "100",
    "dealerId": "2",
    "locationId": "2",
    "cost": "70000",
    "id": 10
}
11:20:39[TestNG-test=Test-2] INFO  mobilestore - *****testGetProduct*****
11:20:40[TestNG-test=Test-2] INFO  mobilestore - *****Validated Status Code for GetProduct*****
11:20:40[TestNG-test=Test-2] INFO  mobilestore - [
    {
        "id": 2,
        "name": "Redmi 11 Prime 5G",
        "cost": 13249,
        "quantity": 2000,
        "locationId": 2,
        "DealerId": 2
    }
]
11:20:40[TestNG-test=Test-2] INFO  mobilestore - *****testUpdateProduct*****
11:20:40[TestNG-test=Test-2] INFO  mobilestore - *****Validated Status Code for UpdateProduct*****
11:20:40[TestNG-test=Test-2] INFO  mobilestore - Date=Mon, 01 May 2023 05:50:42 GMT
Content-Type=application/json; charset=utf-8
Content-Length=121
Connection=keep-alive
CF-Ray=7c05bf99dfd40e0c-BOM
Cache-Control=no-cache
Content-Encoding=gzip
ETag=W/"8c-2kAVIl1BXpeTeRveSOqTINWTtWs"
Expires=-1
Vary=Accept-Encoding
CF-Cache-Status=DYNAMIC
access-control-allow-credentials=true
pragma=no-cache
x-content-type-options=nosniff
x-powered-by=Express
x-render-origin-server=Render
Set-Cookie=__cf_bm=W29D60AQMEc6rAtESMgvxe4znk1s8tEJwlaznXbaFRc-1682920242-0-AarCmV5lGWS5Vfdy+ppUnPhwwFqTHF8GfkVcTEhMT+lZYYJ9wywbINHDehMuHEJYLFm8Dhtn/gkxkRqN9BC/pog=; path=/; expires=Mon, 01-May-23 06:20:42 GMT; domain=.onrender.com; HttpOnly; Secure; SameSite=None
Server=cloudflare
alt-svc=h3=":443"; ma=86400, h3-29=":443"; ma=86400
11:20:40[TestNG-test=Test-2] INFO  mobilestore - ======Response Body====
11:20:40[TestNG-test=Test-2] INFO  mobilestore - *****testDeleteProduct*****
11:41:49[TestNG-test=Test-2] INFO  mobilestore - *****testLoginUser*****
11:42:50[TestNG-test=Test-2] INFO  mobilestore - *****Validated Status Code for Login User *****
11:42:50[TestNG-test=Test-2] INFO  mobilestore - Date=Mon, 01 May 2023 06:12:51 GMT
Content-Type=application/json; charset=utf-8
Content-Length=213
Connection=keep-alive
CF-Ray=7c05deb5ccd06efe-BOM
Cache-Control=no-cache
Content-Encoding=gzip
ETag=W/"d7-mUfYkVMBQ3EoEepmK2iPVM+LACY"
Expires=-1
Vary=Accept-Encoding
CF-Cache-Status=DYNAMIC
access-control-allow-credentials=true
pragma=no-cache
x-powered-by=Express
x-render-origin-server=Render
Set-Cookie=__cf_bm=Jhwicpa4vVVN1cBo3pAx0av8ROcTPMW6XaazZ_b5uac-1682921571-0-ATdf+JXnyx+vgrQwj8hL4vRUSd0XHdQjwzXsZ9y0bxtjx04S9WHoAYmowWObK+wzerJ1ICFBqMfJFt2sePq3dpE=; path=/; expires=Mon, 01-May-23 06:42:51 GMT; domain=.onrender.com; HttpOnly; Secure; SameSite=None
Server=cloudflare
alt-svc=h3=":443"; ma=86400, h3-29=":443"; ma=86400
11:42:50[TestNG-test=Test-2] INFO  mobilestore - {
    "access_token": "eyJhbGciOiJIUzI1NiIsInR5cCI6IkpXVCJ9.eyJlbWFpbCI6Im5pbHNvbkBlbWFpbC5jb20iLCJwYXNzd29yZCI6Im5pbHNvbiIsImlhdCI6MTY4MjkyMTU3MSwiZXhwIjoxNjgyOTI1MTcxfQ.65yNWDIu6iEYnLEIC95e_4KyOeup8iHOU1kwowYs2Qc"
}
11:42:50[TestNG-test=Test-2] INFO  mobilestore - *****Login Token for Saved at /src/test/resources/loginToken.txt*****
11:42:50[TestNG-test=Test-2] INFO  mobilestore - *****testRegisterUser*****
11:42:50[TestNG-test=Test-2] INFO  mobilestore - *****User Payload Created *****
11:42:50[TestNG-test=Test-2] INFO  mobilestore - *****Validated Status Code for register User*****
11:42:50[TestNG-test=Test-2] INFO  mobilestore - Date=Mon, 01 May 2023 06:12:52 GMT
Content-Type=application/json; charset=utf-8
Content-Length=232
Connection=keep-alive
CF-Ray=7c05e0128dd7f363-BOM
Cache-Control=no-cache
Content-Encoding=gzip
ETag=W/"eb-F4jk6YYQBTpLsjqQKoHFiCSWeDs"
Expires=-1
Vary=Accept-Encoding
CF-Cache-Status=DYNAMIC
access-control-allow-credentials=true
pragma=no-cache
x-powered-by=Express
x-render-origin-server=Render
Set-Cookie=__cf_bm=g4q.ojLiv6tdW7HY1MJoX2eBqBwD3ItkLpuhuQ53UQY-1682921572-0-ATyd83v+Vr1gjLqb2SmY5ZrGhU9r0qnoZBK0Wj+pRPVxR+lpjSSz8PdF3pYKX8lHwDk/5swzyrOmRftDbdP4K4Y=; path=/; expires=Mon, 01-May-23 06:42:52 GMT; domain=.onrender.com; HttpOnly; Secure; SameSite=None
Server=cloudflare
alt-svc=h3=":443"; ma=86400, h3-29=":443"; ma=86400
11:42:50[TestNG-test=Test-2] INFO  mobilestore - {
    "access_token": "eyJhbGciOiJIUzI1NiIsInR5cCI6IkpXVCJ9.eyJlbWFpbCI6Imx5ZGEubGFiYWRpZUBnbWFpbC5jb20iLCJwYXNzd29yZCI6Inpmc2VwZTZub2w0c3h1biIsImlhdCI6MTY4MjkyMTU3MiwiZXhwIjoxNjgyOTI1MTcyfQ.ZnSo0f6Im3pKRNPDMio_NtsHQLaNNc2bzobWJ9jUUJU"
}
11:42:50[TestNG-test=Test-2] INFO  mobilestore - *****Login Token for Saved at /src/test/resources/registerToken.txt*****
11:42:51[TestNG-test=Test-2] INFO  mobilestore - *****testCreateProducts*****
11:43:02[TestNG-test=Test-2] INFO  mobilestore - *****testCreateProducts*****
11:43:08[TestNG-test=Test-2] INFO  mobilestore - *****Validated Status Code for create Products *****
11:43:08[TestNG-test=Test-2] INFO  mobilestore - {
    "name": "Xiaomi 12 Pro 5G",
    "dealerId": "3",
    "cost": "50000",
    "locationId": "3",
    "quantity": "150",
    "id": 9
}
11:43:08[TestNG-test=Test-2] INFO  mobilestore - *****testCreateProducts*****
11:43:14[TestNG-test=Test-2] INFO  mobilestore - *****Validated Status Code for create Products *****
11:43:14[TestNG-test=Test-2] INFO  mobilestore - {
    "name": "Xiaomi 13 Pro 5G",
    "dealerId": "2",
    "cost": "70000",
    "locationId": "2",
    "quantity": "100",
    "id": 10
}
11:43:14[TestNG-test=Test-2] INFO  mobilestore - *****testGetProduct*****
11:43:14[TestNG-test=Test-2] INFO  mobilestore - *****Validated Status Code for GetProduct*****
11:43:14[TestNG-test=Test-2] INFO  mobilestore - [
    {
        "id": 2,
        "name": "Redmi 11 Prime 5G",
        "cost": 13249,
        "quantity": 2000,
        "locationId": 2,
        "DealerId": 2
    }
]
11:43:14[TestNG-test=Test-2] INFO  mobilestore - *****testUpdateProduct*****
11:43:15[TestNG-test=Test-2] INFO  mobilestore - *****Validated Status Code for UpdateProduct*****
11:43:15[TestNG-test=Test-2] INFO  mobilestore - Date=Mon, 01 May 2023 06:13:16 GMT
Content-Type=application/json; charset=utf-8
Content-Length=121
Connection=keep-alive
CF-Ray=7c05e0abbebff442-BOM
Cache-Control=no-cache
Content-Encoding=gzip
ETag=W/"8c-2kAVIl1BXpeTeRveSOqTINWTtWs"
Expires=-1
Vary=Accept-Encoding
CF-Cache-Status=DYNAMIC
access-control-allow-credentials=true
pragma=no-cache
x-content-type-options=nosniff
x-powered-by=Express
x-render-origin-server=Render
Set-Cookie=__cf_bm=fyDkBnTco5VbxXcmMHTvOxLHEyco4ZOS9x2apfYR4ww-1682921596-0-AfTnidynz3ecRdhSONQiN2bgKhlmv6tWE9wlvRDsKKyoIUYDyxpdGLU58EXZ3yu8aevWO+f2Ris8yt//dVZH4YI=; path=/; expires=Mon, 01-May-23 06:43:16 GMT; domain=.onrender.com; HttpOnly; Secure; SameSite=None
Server=cloudflare
alt-svc=h3=":443"; ma=86400, h3-29=":443"; ma=86400
11:43:15[TestNG-test=Test-2] INFO  mobilestore - ======Response Body====
11:43:15[TestNG-test=Test-2] INFO  mobilestore - *****testDeleteProduct*****
